<?xml version="1.0" encoding="UTF-8" ?>
<testsuite tests="1" failures="0" name="com.lgu.ccss.common.trace.TraceTest" time="0.005" errors="0" skipped="1">
  <properties>
    <property name="java.runtime.name" value="Java(TM) SE Runtime Environment"/>
    <property name="sun.boot.library.path" value="C:\Program Files\Java\jdk1.8.0_161\jre\bin"/>
    <property name="java.vm.version" value="25.161-b12"/>
    <property name="java.vm.vendor" value="Oracle Corporation"/>
    <property name="maven.multiModuleProjectDirectory" value="M2_HOME"/>
    <property name="java.vendor.url" value="http://java.oracle.com/"/>
    <property name="path.separator" value=";"/>
    <property name="guice.disable.misplaced.annotation.check" value="true"/>
    <property name="java.vm.name" value="Java HotSpot(TM) 64-Bit Server VM"/>
    <property name="file.encoding.pkg" value="sun.io"/>
    <property name="user.script" value=""/>
    <property name="user.country" value="KR"/>
    <property name="sun.java.launcher" value="SUN_STANDARD"/>
    <property name="sun.os.patch.level" value="Service Pack 1"/>
    <property name="java.vm.specification.name" value="Java Virtual Machine Specification"/>
    <property name="user.dir" value="D:\dev\CodeFactory\LGU_CCSS_SERVICE_API_2rd_loginType"/>
    <property name="java.runtime.version" value="1.8.0_161-b12"/>
    <property name="java.awt.graphicsenv" value="sun.awt.Win32GraphicsEnvironment"/>
    <property name="java.endorsed.dirs" value="C:\Program Files\Java\jdk1.8.0_161\jre\lib\endorsed"/>
    <property name="os.arch" value="amd64"/>
    <property name="java.io.tmpdir" value="C:\Users\Admin\AppData\Local\Temp\"/>
    <property name="line.separator" value="
"/>
    <property name="java.vm.specification.vendor" value="Oracle Corporation"/>
    <property name="user.variant" value=""/>
    <property name="os.name" value="Windows 7"/>
    <property name="classworlds.conf" value="D:\dev\CodeFactory\.metadata\.plugins\org.eclipse.m2e.launching\launches\m2conf7849379768736228991.tmp"/>
    <property name="sun.jnu.encoding" value="MS949"/>
    <property name="java.library.path" value="C:\Program Files\Java\jdk1.8.0_161\bin;C:\Windows\Sun\Java\bin;C:\Windows\system32;C:\Windows;D:\app\Admin\product\11.2.0\client_1;C:\ProgramData\Oracle\Java\javapath;C:\Program Files (x86)\Intel\iCLS Client\;C:\Program Files\Intel\iCLS Client\;C:\Windows\system32;C:\Windows;C:\Windows\System32\Wbem;C:\Windows\System32\WindowsPowerShell\v1.0\;C:\Program Files\Intel\Intel(R) Management Engine Components\DAL;C:\Program Files (x86)\Intel\Intel(R) Management Engine Components\DAL;C:\Program Files\Intel\Intel(R) Management Engine Components\IPT;C:\Program Files (x86)\Intel\Intel(R) Management Engine Components\IPT;C:\Program Files\Intel\WiFi\bin\;C:\Program Files\Common Files\Intel\WirelessCommon\;C:\Program Files\Java\jdk1.8.0_91;C:\Program Files\Java\jdk1.8.0_161\bin;D:\Program Files\TortoiseSVN\bin;C:\Program Files\Java\jdk1.8.0_91;C:\Program Files\Java\jdk1.8.0_161\bin;C:\Program Files\Bandizip\;."/>
    <property name="java.specification.name" value="Java Platform API Specification"/>
    <property name="java.class.version" value="52.0"/>
    <property name="sun.management.compiler" value="HotSpot 64-Bit Tiered Compilers"/>
    <property name="os.version" value="6.1"/>
    <property name="user.home" value="C:\Users\Admin"/>
    <property name="user.timezone" value="Asia/Seoul"/>
    <property name="java.awt.printerjob" value="sun.awt.windows.WPrinterJob"/>
    <property name="java.specification.version" value="1.8"/>
    <property name="file.encoding" value="UTF-8"/>
    <property name="user.name" value="Admin"/>
    <property name="java.class.path" value="D:\dev\apache-maven-3.3.3-bin\apache-maven-3.3.3\boot\plexus-classworlds-2.5.2.jar"/>
    <property name="java.vm.specification.version" value="1.8"/>
    <property name="sun.arch.data.model" value="64"/>
    <property name="java.home" value="C:\Program Files\Java\jdk1.8.0_161\jre"/>
    <property name="sun.java.command" value="org.codehaus.classworlds.Launcher -B -s D:\dev\apache-maven-3.3.3-bin\apache-maven-3.3.3\conf\settings.xml install"/>
    <property name="java.specification.vendor" value="Oracle Corporation"/>
    <property name="user.language" value="ko"/>
    <property name="awt.toolkit" value="sun.awt.windows.WToolkit"/>
    <property name="java.vm.info" value="mixed mode"/>
    <property name="java.version" value="1.8.0_161"/>
    <property name="java.ext.dirs" value="C:\Program Files\Java\jdk1.8.0_161\jre\lib\ext;C:\Windows\Sun\Java\lib\ext"/>
    <property name="sun.boot.class.path" value="C:\Program Files\Java\jdk1.8.0_161\jre\lib\resources.jar;C:\Program Files\Java\jdk1.8.0_161\jre\lib\rt.jar;C:\Program Files\Java\jdk1.8.0_161\jre\lib\sunrsasign.jar;C:\Program Files\Java\jdk1.8.0_161\jre\lib\jsse.jar;C:\Program Files\Java\jdk1.8.0_161\jre\lib\jce.jar;C:\Program Files\Java\jdk1.8.0_161\jre\lib\charsets.jar;C:\Program Files\Java\jdk1.8.0_161\jre\lib\jfr.jar;C:\Program Files\Java\jdk1.8.0_161\jre\classes"/>
    <property name="java.vendor" value="Oracle Corporation"/>
    <property name="maven.home" value="D:\dev\apache-maven-3.3.3-bin\apache-maven-3.3.3"/>
    <property name="file.separator" value="\"/>
    <property name="java.vendor.url.bug" value="http://bugreport.sun.com/bugreport/"/>
    <property name="maven.bootclasspath" value="D:\dev\apache-maven-3.3.3-bin\apache-maven-3.3.3\boot\plexus-classworlds-2.5.2.jar"/>
    <property name="sun.cpu.endian" value="little"/>
    <property name="sun.io.unicode.encoding" value="UnicodeLittle"/>
    <property name="sun.desktop" value="windows"/>
    <property name="sun.cpu.isalist" value="amd64"/>
  </properties>
  <testcase classname="com.lgu.ccss.common.trace.TraceTest" name="testTrace" time="0.005">
    <skipped/>
    <system-out>Thread finished : Worker1 {CLIENT_IP=CLIENT_IP value, DEV_INFO=DEV_INFO value, RESULT_CODE=RESULT_CODE value, DEV_MODEL=DEV_MODEL value, MAP_BM_RES_TIME=MAP_BM_RES_TIME value, SMS_REQ_TIME=SMS_REQ_TIME value, CARRIER_TYPE=CARRIER_TYPE value, CLIENT_ID=CLIENT_ID value, LOG_TYPE=LOG_TYPE value, PUSH_REQ_TIME=PUSH_REQ_TIME value, MAP_AM_REQ_TIME=MAP_AM_REQ_TIME value, NW_INFO=NW_INFO value, SVC_CLASS=SVC_CLASS value, OS_INFO=OS_INFO value, PUSH_RES_TIME=PUSH_RES_TIME value, DEVICE_TYPE=DEVICE_TYPE value, REQ_TIME=REQ_TIME value, SVC_NAME=SVC_NAME value, NCAS_RES_TIME=NCAS_RES_TIME value, CARPUSH_REQ_TIME=CARPUSH_REQ_TIME value, SID=Worker1, KMC_RES_TIME=KMC_RES_TIME value, CAR_OEM=CAR_OEM value, MAP_AM_RES_TIME=MAP_AM_RES_TIME value, RSP_TIME=RSP_TIME value, KMC_REQ_TIME=KMC_REQ_TIME value, MAP_BM_REQ_TIME=MAP_BM_REQ_TIME value, SMS_RES_TIME=SMS_RES_TIME value, SESSION_ID=SESSION_ID value, APP_TYPE=APP_TYPE value, CARPUSH_RES_TIME=CARPUSH_RES_TIME value, NCAS_REQ_TIME=NCAS_REQ_TIME value}
Thread finished : Worker3 {CLIENT_IP=CLIENT_IP value, DEV_INFO=DEV_INFO value, RESULT_CODE=RESULT_CODE value, DEV_MODEL=DEV_MODEL value, MAP_BM_RES_TIME=MAP_BM_RES_TIME value, SMS_REQ_TIME=SMS_REQ_TIME value, CARRIER_TYPE=CARRIER_TYPE value, CLIENT_ID=CLIENT_ID value, LOG_TYPE=LOG_TYPE value, PUSH_REQ_TIME=PUSH_REQ_TIME value, MAP_AM_REQ_TIME=MAP_AM_REQ_TIME value, NW_INFO=NW_INFO value, SVC_CLASS=SVC_CLASS value, OS_INFO=OS_INFO value, PUSH_RES_TIME=PUSH_RES_TIME value, DEVICE_TYPE=DEVICE_TYPE value, REQ_TIME=REQ_TIME value, SVC_NAME=SVC_NAME value, NCAS_RES_TIME=NCAS_RES_TIME value, CARPUSH_REQ_TIME=CARPUSH_REQ_TIME value, SID=Worker3, KMC_RES_TIME=KMC_RES_TIME value, CAR_OEM=CAR_OEM value, MAP_AM_RES_TIME=MAP_AM_RES_TIME value, RSP_TIME=RSP_TIME value, KMC_REQ_TIME=KMC_REQ_TIME value, MAP_BM_REQ_TIME=MAP_BM_REQ_TIME value, SMS_RES_TIME=SMS_RES_TIME value, SESSION_ID=SESSION_ID value, APP_TYPE=APP_TYPE value, CARPUSH_RES_TIME=CARPUSH_RES_TIME value, NCAS_REQ_TIME=NCAS_REQ_TIME value}
Thread finished : Worker5 {CLIENT_IP=CLIENT_IP value, DEV_INFO=DEV_INFO value, RESULT_CODE=RESULT_CODE value, DEV_MODEL=DEV_MODEL value, MAP_BM_RES_TIME=MAP_BM_RES_TIME value, SMS_REQ_TIME=SMS_REQ_TIME value, CARRIER_TYPE=CARRIER_TYPE value, CLIENT_ID=CLIENT_ID value, LOG_TYPE=LOG_TYPE value, PUSH_REQ_TIME=PUSH_REQ_TIME value, MAP_AM_REQ_TIME=MAP_AM_REQ_TIME value, NW_INFO=NW_INFO value, SVC_CLASS=SVC_CLASS value, OS_INFO=OS_INFO value, PUSH_RES_TIME=PUSH_RES_TIME value, DEVICE_TYPE=DEVICE_TYPE value, REQ_TIME=REQ_TIME value, SVC_NAME=SVC_NAME value, NCAS_RES_TIME=NCAS_RES_TIME value, CARPUSH_REQ_TIME=CARPUSH_REQ_TIME value, SID=Worker5, KMC_RES_TIME=KMC_RES_TIME value, CAR_OEM=CAR_OEM value, MAP_AM_RES_TIME=MAP_AM_RES_TIME value, RSP_TIME=RSP_TIME value, KMC_REQ_TIME=KMC_REQ_TIME value, MAP_BM_REQ_TIME=MAP_BM_REQ_TIME value, SMS_RES_TIME=SMS_RES_TIME value, SESSION_ID=SESSION_ID value, APP_TYPE=APP_TYPE value, CARPUSH_RES_TIME=CARPUSH_RES_TIME value, NCAS_REQ_TIME=NCAS_REQ_TIME value}
Thread finished : Worker9 {CLIENT_IP=CLIENT_IP value, DEV_INFO=DEV_INFO value, RESULT_CODE=RESULT_CODE value, DEV_MODEL=DEV_MODEL value, MAP_BM_RES_TIME=MAP_BM_RES_TIME value, SMS_REQ_TIME=SMS_REQ_TIME value, CARRIER_TYPE=CARRIER_TYPE value, CLIENT_ID=CLIENT_ID value, LOG_TYPE=LOG_TYPE value, PUSH_REQ_TIME=PUSH_REQ_TIME value, MAP_AM_REQ_TIME=MAP_AM_REQ_TIME value, NW_INFO=NW_INFO value, SVC_CLASS=SVC_CLASS value, OS_INFO=OS_INFO value, PUSH_RES_TIME=PUSH_RES_TIME value, DEVICE_TYPE=DEVICE_TYPE value, REQ_TIME=REQ_TIME value, SVC_NAME=SVC_NAME value, NCAS_RES_TIME=NCAS_RES_TIME value, CARPUSH_REQ_TIME=CARPUSH_REQ_TIME value, SID=Worker9, KMC_RES_TIME=KMC_RES_TIME value, CAR_OEM=CAR_OEM value, MAP_AM_RES_TIME=MAP_AM_RES_TIME value, RSP_TIME=RSP_TIME value, KMC_REQ_TIME=KMC_REQ_TIME value, MAP_BM_REQ_TIME=MAP_BM_REQ_TIME value, SMS_RES_TIME=SMS_RES_TIME value, SESSION_ID=SESSION_ID value, APP_TYPE=APP_TYPE value, CARPUSH_RES_TIME=CARPUSH_RES_TIME value, NCAS_REQ_TIME=NCAS_REQ_TIME value}
Thread finished : Worker7 {CLIENT_IP=CLIENT_IP value, DEV_INFO=DEV_INFO value, RESULT_CODE=RESULT_CODE value, DEV_MODEL=DEV_MODEL value, MAP_BM_RES_TIME=MAP_BM_RES_TIME value, SMS_REQ_TIME=SMS_REQ_TIME value, CARRIER_TYPE=CARRIER_TYPE value, CLIENT_ID=CLIENT_ID value, LOG_TYPE=LOG_TYPE value, PUSH_REQ_TIME=PUSH_REQ_TIME value, MAP_AM_REQ_TIME=MAP_AM_REQ_TIME value, NW_INFO=NW_INFO value, SVC_CLASS=SVC_CLASS value, OS_INFO=OS_INFO value, PUSH_RES_TIME=PUSH_RES_TIME value, DEVICE_TYPE=DEVICE_TYPE value, REQ_TIME=REQ_TIME value, SVC_NAME=SVC_NAME value, NCAS_RES_TIME=NCAS_RES_TIME value, CARPUSH_REQ_TIME=CARPUSH_REQ_TIME value, SID=Worker7, KMC_RES_TIME=KMC_RES_TIME value, CAR_OEM=CAR_OEM value, MAP_AM_RES_TIME=MAP_AM_RES_TIME value, RSP_TIME=RSP_TIME value, KMC_REQ_TIME=KMC_REQ_TIME value, MAP_BM_REQ_TIME=MAP_BM_REQ_TIME value, SMS_RES_TIME=SMS_RES_TIME value, SESSION_ID=SESSION_ID value, APP_TYPE=APP_TYPE value, CARPUSH_RES_TIME=CARPUSH_RES_TIME value, NCAS_REQ_TIME=NCAS_REQ_TIME value}
</system-out>
  </testcase>
</testsuite>